2024-12-05 09:02:10.019 INFO  1197  --- [main] f.d.training.TrainingApplication : Starting TrainingApplication using Java 17.0.12 with PID 5800 (C:\Users\Admin\Desktop\FormationSpring\training\target\classes started by Admin in C:\Users\Admin\Desktop\FormationSpring\training)
2024-12-05 09:02:10.031 INFO  1209  --- [main] f.d.training.TrainingApplication : The following 1 profile is active: "dev"
2024-12-05 09:02:11.295 INFO  2473  --- [main] o.s.d.r.c.RepositoryConfigurationDelegate : Bootstrapping Spring Data JPA repositories in DEFAULT mode.
2024-12-05 09:02:11.416 INFO  2594  --- [main] o.s.d.r.c.RepositoryConfigurationDelegate : Finished Spring Data repository scanning in 107 ms. Found 4 JPA repository interfaces.
2024-12-05 09:02:12.140 INFO  3318  --- [main] o.s.b.w.e.tomcat.TomcatWebServer : Tomcat initialized with port 8085 (http)
2024-12-05 09:02:12.158 INFO  3336  --- [main] o.a.catalina.core.StandardService : Starting service [Tomcat]
2024-12-05 09:02:12.160 INFO  3338  --- [main] o.a.catalina.core.StandardEngine : Starting Servlet engine: [Apache Tomcat/10.1.33]
2024-12-05 09:02:12.272 INFO  3450  --- [main] o.a.c.c.C.[Tomcat].[localhost].[/] : Initializing Spring embedded WebApplicationContext
2024-12-05 09:02:12.272 INFO  3450  --- [main] o.s.b.w.s.c.ServletWebServerApplicationContext : Root WebApplicationContext: initialization completed in 2130 ms
2024-12-05 09:02:12.500 INFO  3678  --- [main] o.h.jpa.internal.util.LogHelper : HHH000204: Processing PersistenceUnitInfo [name: default]
2024-12-05 09:02:12.592 INFO  3770  --- [main] org.hibernate.Version : HHH000412: Hibernate ORM core version 6.6.2.Final
2024-12-05 09:02:12.646 INFO  3824  --- [main] o.h.c.i.RegionFactoryInitiator : HHH000026: Second-level cache disabled
2024-12-05 09:02:13.105 INFO  4283  --- [main] o.s.o.j.p.SpringPersistenceUnitInfo : No LoadTimeWeaver setup: ignoring JPA class transformer
2024-12-05 09:02:13.170 INFO  4348  --- [main] com.zaxxer.hikari.HikariDataSource : HikariPool-1 - Starting...
2024-12-05 09:02:13.442 INFO  4620  --- [main] com.zaxxer.hikari.pool.HikariPool : HikariPool-1 - Added connection com.mysql.cj.jdbc.ConnectionImpl@2e4d4d22
2024-12-05 09:02:13.445 INFO  4623  --- [main] com.zaxxer.hikari.HikariDataSource : HikariPool-1 - Start completed.
2024-12-05 09:02:13.524 WARN  4702  --- [main] org.hibernate.dialect.Dialect : HHH000511: The 5.7.26 version for [org.hibernate.dialect.MySQLDialect] is no longer supported, hence certain features may not work properly. The minimum supported version is 8.0.0. Check the community dialects project for available legacy versions.
2024-12-05 09:02:13.576 INFO  4754  --- [main] o.hibernate.orm.connections.pooling : HHH10001005: Database info:
	Database JDBC URL [Connecting through datasource 'HikariDataSource (HikariPool-1)']
	Database driver: undefined/unknown
	Database version: 5.7.26
	Autocommit mode: undefined/unknown
	Isolation level: undefined/unknown
	Minimum pool size: undefined/unknown
	Maximum pool size: undefined/unknown
2024-12-05 09:02:15.371 INFO  6549  --- [main] o.h.e.t.j.p.i.JtaPlatformInitiator : HHH000489: No JTA platform available (set 'hibernate.transaction.jta.platform' to enable JTA platform integration)
2024-12-05 09:02:15.603 INFO  6781  --- [main] o.s.o.j.LocalContainerEntityManagerFactoryBean : Initialized JPA EntityManagerFactory for persistence unit 'default'
2024-12-05 09:02:16.176 INFO  7354  --- [main] o.s.d.j.r.q.QueryEnhancerFactory : Hibernate is in classpath; If applicable, HQL parser will be used.
2024-12-05 09:02:16.954 WARN  8132  --- [main] o.s.b.a.o.j.JpaBaseConfiguration$JpaWebConfiguration : spring.jpa.open-in-view is enabled by default. Therefore, database queries may be performed during view rendering. Explicitly configure spring.jpa.open-in-view to disable this warning
2024-12-05 09:02:17.160 DEBUG 8338  --- [main] o.s.w.s.m.m.a.RequestMappingHandlerMapping : 41 mappings in 'requestMappingHandlerMapping'
2024-12-05 09:02:17.227 DEBUG 8405  --- [main] o.s.w.s.h.SimpleUrlHandlerMapping : Patterns [/webjars/**, /**, /swagger-ui*/*swagger-initializer.js, /swagger-ui*/**] in 'resourceHandlerMapping'
2024-12-05 09:02:17.281 DEBUG 8459  --- [main] o.s.w.s.m.m.a.RequestMappingHandlerAdapter : ControllerAdvice beans: 0 @ModelAttribute, 0 @InitBinder, 1 RequestBodyAdvice, 1 ResponseBodyAdvice
2024-12-05 09:02:17.361 DEBUG 8539  --- [main] o.s.w.s.m.m.a.ExceptionHandlerExceptionResolver : ControllerAdvice beans: 2 @ExceptionHandler, 1 ResponseBodyAdvice
2024-12-05 09:02:17.699 INFO  8877  --- [main] o.s.b.w.e.tomcat.TomcatWebServer : Tomcat started on port 8085 (http) with context path '/'
2024-12-05 09:02:17.714 INFO  8892  --- [main] f.d.training.TrainingApplication : Started TrainingApplication in 8.311 seconds (process running for 9.526)
2024-12-05 09:02:38.602 INFO  29780 --- [http-nio-8085-exec-1] o.a.c.c.C.[Tomcat].[localhost].[/] : Initializing Spring DispatcherServlet 'dispatcherServlet'
2024-12-05 09:02:38.603 INFO  29781 --- [http-nio-8085-exec-1] o.s.web.servlet.DispatcherServlet : Initializing Servlet 'dispatcherServlet'
2024-12-05 09:02:38.604 DEBUG 29782 --- [http-nio-8085-exec-1] o.s.web.servlet.DispatcherServlet : Detected StandardServletMultipartResolver
2024-12-05 09:02:38.604 DEBUG 29782 --- [http-nio-8085-exec-1] o.s.web.servlet.DispatcherServlet : Detected AcceptHeaderLocaleResolver
2024-12-05 09:02:38.605 DEBUG 29783 --- [http-nio-8085-exec-1] o.s.web.servlet.DispatcherServlet : Detected FixedThemeResolver
2024-12-05 09:02:38.605 DEBUG 29783 --- [http-nio-8085-exec-1] o.s.web.servlet.DispatcherServlet : Detected org.springframework.web.servlet.view.DefaultRequestToViewNameTranslator@10164e94
2024-12-05 09:02:38.607 DEBUG 29785 --- [http-nio-8085-exec-1] o.s.web.servlet.DispatcherServlet : Detected org.springframework.web.servlet.support.SessionFlashMapManager@38de4f1d
2024-12-05 09:02:38.607 DEBUG 29785 --- [http-nio-8085-exec-1] o.s.web.servlet.DispatcherServlet : enableLoggingRequestDetails='false': request parameters and headers will be masked to prevent unsafe logging of potentially sensitive data
2024-12-05 09:02:38.607 INFO  29785 --- [http-nio-8085-exec-1] o.s.web.servlet.DispatcherServlet : Completed initialization in 4 ms
2024-12-05 09:02:38.620 DEBUG 29798 --- [http-nio-8085-exec-1] o.s.web.servlet.DispatcherServlet : GET "/api-docs", parameters={}
2024-12-05 09:02:38.636 DEBUG 29814 --- [http-nio-8085-exec-1] o.s.w.s.m.m.a.RequestMappingHandlerMapping : Mapped to org.springdoc.webmvc.api.OpenApiWebMvcResource#openapiJson(HttpServletRequest, String, Locale)
2024-12-05 09:02:39.580 INFO  30758 --- [http-nio-8085-exec-1] o.s.api.AbstractOpenApiResource : Init duration for springdoc-openapi is: 896 ms
2024-12-05 09:02:39.638 DEBUG 30816 --- [http-nio-8085-exec-1] o.s.w.s.m.m.a.RequestResponseBodyMethodProcessor : Using 'application/json;q=0.8', given [text/html, application/xhtml+xml, image/avif, image/webp, image/apng, application/xml;q=0.9, */*;q=0.8, application/signed-exchange;v=b3;q=0.7] and supported [application/json]
2024-12-05 09:02:39.648 DEBUG 30826 --- [http-nio-8085-exec-1] o.s.w.s.m.m.a.RequestResponseBodyMethodProcessor : Writing [{123, 34, 111, 112, 101, 110, 97, 112, 105, 34, 58, 34, 51, 46, 48, 46, 49, 34, 44, 34, 105, 110, 10 (truncated)...]
2024-12-05 09:02:39.660 DEBUG 30838 --- [http-nio-8085-exec-1] o.s.web.servlet.DispatcherServlet : Completed 200 OK
2024-12-05 09:02:43.321 DEBUG 34499 --- [http-nio-8085-exec-2] o.s.web.servlet.DispatcherServlet : GET "/swagger-ui.html", parameters={}
2024-12-05 09:02:43.323 DEBUG 34501 --- [http-nio-8085-exec-2] o.s.w.s.m.m.a.RequestMappingHandlerMapping : Mapped to org.springdoc.webmvc.ui.SwaggerWelcomeWebMvc#redirectToUi(HttpServletRequest)
2024-12-05 09:02:43.353 DEBUG 34531 --- [http-nio-8085-exec-2] o.s.w.s.m.m.a.HttpEntityMethodProcessor : Using 'application/json;q=0.8', given [text/html, application/xhtml+xml, image/avif, image/webp, image/apng, application/xml;q=0.9, */*;q=0.8, application/signed-exchange;v=b3;q=0.7] and supported [application/json, application/*+json, application/yaml]
2024-12-05 09:02:43.354 DEBUG 34532 --- [http-nio-8085-exec-2] o.s.w.s.m.m.a.HttpEntityMethodProcessor : Nothing to write: null body
2024-12-05 09:02:43.354 DEBUG 34532 --- [http-nio-8085-exec-2] o.s.web.servlet.DispatcherServlet : Completed 302 FOUND
2024-12-05 09:02:43.360 DEBUG 34538 --- [http-nio-8085-exec-3] o.s.web.servlet.DispatcherServlet : GET "/swagger-ui/index.html", parameters={}
2024-12-05 09:02:43.370 DEBUG 34548 --- [http-nio-8085-exec-3] o.s.w.s.h.SimpleUrlHandlerMapping : Mapped to ResourceHttpRequestHandler [classpath [META-INF/resources/webjars/]]
2024-12-05 09:02:43.378 DEBUG 34556 --- [http-nio-8085-exec-3] o.s.web.servlet.DispatcherServlet : Completed 304 NOT_MODIFIED
2024-12-05 09:02:43.414 DEBUG 34592 --- [http-nio-8085-exec-5] o.s.web.servlet.DispatcherServlet : GET "/swagger-ui/swagger-initializer.js", parameters={}
2024-12-05 09:02:43.417 DEBUG 34595 --- [http-nio-8085-exec-4] o.s.web.servlet.DispatcherServlet : GET "/swagger-ui/swagger-ui.css", parameters={}
2024-12-05 09:02:43.420 DEBUG 34598 --- [http-nio-8085-exec-6] o.s.web.servlet.DispatcherServlet : GET "/swagger-ui/index.css", parameters={}
2024-12-05 09:02:43.423 DEBUG 34601 --- [http-nio-8085-exec-7] o.s.web.servlet.DispatcherServlet : GET "/swagger-ui/swagger-ui-bundle.js", parameters={}
2024-12-05 09:02:43.425 DEBUG 34603 --- [http-nio-8085-exec-4] o.s.w.s.h.SimpleUrlHandlerMapping : Mapped to ResourceHttpRequestHandler [classpath [META-INF/resources/webjars/]]
2024-12-05 09:02:43.426 DEBUG 34604 --- [http-nio-8085-exec-7] o.s.w.s.h.SimpleUrlHandlerMapping : Mapped to ResourceHttpRequestHandler [classpath [META-INF/resources/webjars/]]
2024-12-05 09:02:43.427 DEBUG 34605 --- [http-nio-8085-exec-6] o.s.w.s.h.SimpleUrlHandlerMapping : Mapped to ResourceHttpRequestHandler [classpath [META-INF/resources/webjars/]]
2024-12-05 09:02:43.429 DEBUG 34607 --- [http-nio-8085-exec-8] o.s.web.servlet.DispatcherServlet : GET "/swagger-ui/swagger-ui-standalone-preset.js", parameters={}
2024-12-05 09:02:43.429 DEBUG 34607 --- [http-nio-8085-exec-7] o.s.web.servlet.DispatcherServlet : Completed 304 NOT_MODIFIED
2024-12-05 09:02:43.427 DEBUG 34605 --- [http-nio-8085-exec-4] o.s.web.servlet.DispatcherServlet : Completed 304 NOT_MODIFIED
2024-12-05 09:02:43.430 DEBUG 34608 --- [http-nio-8085-exec-5] o.s.w.s.h.SimpleUrlHandlerMapping : Mapped to ResourceHttpRequestHandler [classpath [META-INF/resources/webjars/]]
2024-12-05 09:02:43.430 DEBUG 34608 --- [http-nio-8085-exec-8] o.s.w.s.h.SimpleUrlHandlerMapping : Mapped to ResourceHttpRequestHandler [classpath [META-INF/resources/webjars/]]
2024-12-05 09:02:43.432 DEBUG 34610 --- [http-nio-8085-exec-6] o.s.web.servlet.DispatcherServlet : Completed 304 NOT_MODIFIED
2024-12-05 09:02:43.437 DEBUG 34615 --- [http-nio-8085-exec-8] o.s.web.servlet.DispatcherServlet : Completed 304 NOT_MODIFIED
2024-12-05 09:02:43.447 DEBUG 34625 --- [http-nio-8085-exec-5] o.s.web.servlet.DispatcherServlet : Completed 200 OK
2024-12-05 09:02:43.735 DEBUG 34913 --- [http-nio-8085-exec-9] o.s.web.servlet.DispatcherServlet : GET "/api-docs/swagger-config", parameters={}
2024-12-05 09:02:43.735 DEBUG 34913 --- [http-nio-8085-exec-9] o.s.w.s.m.m.a.RequestMappingHandlerMapping : Mapped to org.springdoc.webmvc.ui.SwaggerConfigResource#openapiJson(HttpServletRequest)
2024-12-05 09:02:43.737 DEBUG 34915 --- [http-nio-8085-exec-9] o.s.w.s.m.m.a.RequestResponseBodyMethodProcessor : Using 'application/json', given [*/*] and supported [application/json]
2024-12-05 09:02:43.739 DEBUG 34917 --- [http-nio-8085-exec-9] o.s.w.s.m.m.a.RequestResponseBodyMethodProcessor : Writing [{configUrl=/api-docs/swagger-config, oauth2RedirectUrl=http://localhost:8085/swagger-ui/oauth2-redir (truncated)...]
2024-12-05 09:02:43.745 DEBUG 34923 --- [http-nio-8085-exec-9] o.s.web.servlet.DispatcherServlet : Completed 200 OK
2024-12-05 09:02:43.787 DEBUG 34965 --- [http-nio-8085-exec-10] o.s.web.servlet.DispatcherServlet : GET "/api-docs", parameters={}
2024-12-05 09:02:43.789 DEBUG 34967 --- [http-nio-8085-exec-10] o.s.w.s.m.m.a.RequestMappingHandlerMapping : Mapped to org.springdoc.webmvc.api.OpenApiWebMvcResource#openapiJson(HttpServletRequest, String, Locale)
2024-12-05 09:02:43.819 DEBUG 34997 --- [http-nio-8085-exec-10] o.s.w.s.m.m.a.RequestResponseBodyMethodProcessor : Using 'application/json', given [application/json, */*] and supported [application/json]
2024-12-05 09:02:43.823 DEBUG 35001 --- [http-nio-8085-exec-10] o.s.w.s.m.m.a.RequestResponseBodyMethodProcessor : Writing [{123, 34, 111, 112, 101, 110, 97, 112, 105, 34, 58, 34, 51, 46, 48, 46, 49, 34, 44, 34, 105, 110, 10 (truncated)...]
2024-12-05 09:02:43.825 DEBUG 35003 --- [http-nio-8085-exec-10] o.s.web.servlet.DispatcherServlet : Completed 200 OK
2024-12-05 09:03:55.841 DEBUG 107019 --- [http-nio-8085-exec-6] o.s.web.servlet.DispatcherServlet : POST "/login", parameters={}
2024-12-05 09:03:55.843 DEBUG 107021 --- [http-nio-8085-exec-6] o.s.w.s.m.m.a.RequestMappingHandlerMapping : Mapped to fr.dawan.training.controllers.LoginController#checkLogin(LoginDto)
2024-12-05 09:03:55.875 DEBUG 107053 --- [http-nio-8085-exec-6] o.s.w.s.m.m.a.RequestResponseBodyMethodProcessor : Read "application/json;charset=UTF-8" to [fr.dawan.training.dto.LoginDto@3bd433ed]
2024-12-05 09:03:56.482 DEBUG 107660 --- [http-nio-8085-exec-6] o.s.w.s.m.m.a.RequestResponseBodyMethodProcessor : Using 'application/json', given [application/json] and supported [application/json]
2024-12-05 09:03:56.483 DEBUG 107661 --- [http-nio-8085-exec-6] o.s.w.s.m.m.a.RequestResponseBodyMethodProcessor : Writing [fr.dawan.training.dto.LoginResponseDto@60ed7d2d]
2024-12-05 09:03:56.485 DEBUG 107663 --- [http-nio-8085-exec-6] o.s.web.servlet.DispatcherServlet : Completed 200 OK
2024-12-05 09:04:18.264 DEBUG 129442 --- [http-nio-8085-exec-8] o.s.web.servlet.DispatcherServlet : GET "/api/products/1/5", parameters={}
2024-12-05 09:04:18.266 DEBUG 129444 --- [http-nio-8085-exec-8] o.s.w.s.m.m.a.RequestMappingHandlerMapping : Mapped to fr.dawan.training.controllers.ProductController#getAllBy(int, int, Optional)
2024-12-05 09:04:18.421 DEBUG 129599 --- [http-nio-8085-exec-8] o.s.w.s.m.m.a.RequestResponseBodyMethodProcessor : Using 'application/json', given [application/json] and supported [application/json]
2024-12-05 09:04:18.421 DEBUG 129599 --- [http-nio-8085-exec-8] o.s.w.s.m.m.a.RequestResponseBodyMethodProcessor : Writing [[fr.dawan.training.dto.ProductDto@24c498f1, fr.dawan.training.dto.ProductDto@1b8da066]]
2024-12-05 09:04:18.427 DEBUG 129605 --- [http-nio-8085-exec-8] o.s.web.servlet.DispatcherServlet : Completed 200 OK
2024-12-05 09:05:39.387 INFO  210565 --- [RMI TCP Connection(8)-127.0.0.1] o.s.b.a.SpringApplicationAdminMXBeanRegistrar$SpringApplicationAdmin : Application shutdown requested.
2024-12-05 09:05:39.395 INFO  210573 --- [RMI TCP Connection(8)-127.0.0.1] o.s.b.w.e.tomcat.GracefulShutdown : Commencing graceful shutdown. Waiting for active requests to complete
2024-12-05 09:05:39.433 INFO  210611 --- [tomcat-shutdown] o.s.b.w.e.tomcat.GracefulShutdown : Graceful shutdown complete
2024-12-05 09:05:39.439 INFO  210617 --- [RMI TCP Connection(8)-127.0.0.1] o.s.o.j.LocalContainerEntityManagerFactoryBean : Closing JPA EntityManagerFactory for persistence unit 'default'
2024-12-05 09:05:39.444 INFO  210622 --- [RMI TCP Connection(8)-127.0.0.1] com.zaxxer.hikari.HikariDataSource : HikariPool-1 - Shutdown initiated...
2024-12-05 09:05:39.464 INFO  210642 --- [RMI TCP Connection(8)-127.0.0.1] com.zaxxer.hikari.HikariDataSource : HikariPool-1 - Shutdown completed.
