2024-12-02 15:39:23.496 INFO  1421  --- [main] f.d.training.TrainingApplication : Starting TrainingApplication using Java 17.0.12 with PID 3064 (C:\Users\Admin\Desktop\FormationSpring\training\target\classes started by Admin in C:\Users\Admin\Desktop\FormationSpring\training)
2024-12-02 15:39:23.500 INFO  1425  --- [main] f.d.training.TrainingApplication : The following 1 profile is active: "dev"
2024-12-02 15:39:25.228 INFO  3153  --- [main] o.s.b.w.e.tomcat.TomcatWebServer : Tomcat initialized with port 8085 (http)
2024-12-02 15:39:25.253 INFO  3178  --- [main] o.a.catalina.core.StandardService : Starting service [Tomcat]
2024-12-02 15:39:25.254 INFO  3179  --- [main] o.a.catalina.core.StandardEngine : Starting Servlet engine: [Apache Tomcat/10.1.33]
2024-12-02 15:39:25.357 INFO  3282  --- [main] o.a.c.c.C.[Tomcat].[localhost].[/] : Initializing Spring embedded WebApplicationContext
2024-12-02 15:39:25.358 INFO  3283  --- [main] o.s.b.w.s.c.ServletWebServerApplicationContext : Root WebApplicationContext: initialization completed in 1767 ms
2024-12-02 15:39:25.804 DEBUG 3729  --- [main] o.s.w.s.m.m.a.RequestMappingHandlerMapping : 16 mappings in 'requestMappingHandlerMapping'
2024-12-02 15:39:25.853 DEBUG 3778  --- [main] o.s.w.s.h.SimpleUrlHandlerMapping : Patterns [/webjars/**, /**, /swagger-ui*/*swagger-initializer.js, /swagger-ui*/**] in 'resourceHandlerMapping'
2024-12-02 15:39:25.904 DEBUG 3829  --- [main] o.s.w.s.m.m.a.RequestMappingHandlerAdapter : ControllerAdvice beans: 0 @ModelAttribute, 0 @InitBinder, 1 RequestBodyAdvice, 1 ResponseBodyAdvice
2024-12-02 15:39:25.989 DEBUG 3914  --- [main] o.s.w.s.m.m.a.ExceptionHandlerExceptionResolver : ControllerAdvice beans: 2 @ExceptionHandler, 1 ResponseBodyAdvice
2024-12-02 15:39:26.163 INFO  4088  --- [main] o.s.b.w.e.tomcat.TomcatWebServer : Tomcat started on port 8085 (http) with context path '/'
2024-12-02 15:39:26.186 INFO  4111  --- [main] f.d.training.TrainingApplication : Started TrainingApplication in 3.521 seconds (process running for 4.758)
2024-12-02 15:39:43.409 INFO  21334 --- [http-nio-8085-exec-1] o.a.c.c.C.[Tomcat].[localhost].[/] : Initializing Spring DispatcherServlet 'dispatcherServlet'
2024-12-02 15:39:43.410 INFO  21335 --- [http-nio-8085-exec-1] o.s.web.servlet.DispatcherServlet : Initializing Servlet 'dispatcherServlet'
2024-12-02 15:39:43.411 DEBUG 21336 --- [http-nio-8085-exec-1] o.s.web.servlet.DispatcherServlet : Detected StandardServletMultipartResolver
2024-12-02 15:39:43.413 DEBUG 21338 --- [http-nio-8085-exec-1] o.s.web.servlet.DispatcherServlet : Detected AcceptHeaderLocaleResolver
2024-12-02 15:39:43.414 DEBUG 21339 --- [http-nio-8085-exec-1] o.s.web.servlet.DispatcherServlet : Detected FixedThemeResolver
2024-12-02 15:39:43.417 DEBUG 21342 --- [http-nio-8085-exec-1] o.s.web.servlet.DispatcherServlet : Detected org.springframework.web.servlet.view.DefaultRequestToViewNameTranslator@601f9ffb
2024-12-02 15:39:43.418 DEBUG 21343 --- [http-nio-8085-exec-1] o.s.web.servlet.DispatcherServlet : Detected org.springframework.web.servlet.support.SessionFlashMapManager@5db8535c
2024-12-02 15:39:43.419 DEBUG 21344 --- [http-nio-8085-exec-1] o.s.web.servlet.DispatcherServlet : enableLoggingRequestDetails='false': request parameters and headers will be masked to prevent unsafe logging of potentially sensitive data
2024-12-02 15:39:43.419 INFO  21344 --- [http-nio-8085-exec-1] o.s.web.servlet.DispatcherServlet : Completed initialization in 8 ms
2024-12-02 15:39:43.439 DEBUG 21364 --- [http-nio-8085-exec-1] o.s.web.servlet.DispatcherServlet : GET "/swagger-ui.html", parameters={}
2024-12-02 15:39:43.469 DEBUG 21394 --- [http-nio-8085-exec-1] o.s.w.s.m.m.a.RequestMappingHandlerMapping : Mapped to org.springdoc.webmvc.ui.SwaggerWelcomeWebMvc#redirectToUi(HttpServletRequest)
2024-12-02 15:39:43.599 DEBUG 21524 --- [http-nio-8085-exec-1] o.s.w.s.m.m.a.HttpEntityMethodProcessor : Using 'application/json;q=0.8', given [text/html, application/xhtml+xml, image/avif, image/webp, image/apng, application/xml;q=0.9, */*;q=0.8, application/signed-exchange;v=b3;q=0.7] and supported [application/json, application/*+json, application/yaml]
2024-12-02 15:39:43.603 DEBUG 21528 --- [http-nio-8085-exec-1] o.s.w.s.m.m.a.HttpEntityMethodProcessor : Nothing to write: null body
2024-12-02 15:39:43.606 DEBUG 21531 --- [http-nio-8085-exec-1] o.s.web.servlet.DispatcherServlet : Completed 302 FOUND
2024-12-02 15:39:43.620 DEBUG 21545 --- [http-nio-8085-exec-2] o.s.web.servlet.DispatcherServlet : GET "/swagger-ui/index.html", parameters={}
2024-12-02 15:39:43.637 DEBUG 21562 --- [http-nio-8085-exec-2] o.s.w.s.h.SimpleUrlHandlerMapping : Mapped to ResourceHttpRequestHandler [classpath [META-INF/resources/webjars/]]
2024-12-02 15:39:43.647 DEBUG 21572 --- [http-nio-8085-exec-2] o.s.web.servlet.DispatcherServlet : Completed 304 NOT_MODIFIED
2024-12-02 15:39:43.677 DEBUG 21602 --- [http-nio-8085-exec-3] o.s.web.servlet.DispatcherServlet : GET "/swagger-ui/swagger-initializer.js", parameters={}
2024-12-02 15:39:43.680 DEBUG 21605 --- [http-nio-8085-exec-3] o.s.w.s.h.SimpleUrlHandlerMapping : Mapped to ResourceHttpRequestHandler [classpath [META-INF/resources/webjars/]]
2024-12-02 15:39:43.685 DEBUG 21610 --- [http-nio-8085-exec-4] o.s.web.servlet.DispatcherServlet : GET "/swagger-ui/swagger-ui.css", parameters={}
2024-12-02 15:39:43.686 DEBUG 21611 --- [http-nio-8085-exec-4] o.s.w.s.h.SimpleUrlHandlerMapping : Mapped to ResourceHttpRequestHandler [classpath [META-INF/resources/webjars/]]
2024-12-02 15:39:43.689 DEBUG 21614 --- [http-nio-8085-exec-4] o.s.web.servlet.DispatcherServlet : Completed 304 NOT_MODIFIED
2024-12-02 15:39:43.693 DEBUG 21618 --- [http-nio-8085-exec-5] o.s.web.servlet.DispatcherServlet : GET "/swagger-ui/index.css", parameters={}
2024-12-02 15:39:43.693 DEBUG 21618 --- [http-nio-8085-exec-5] o.s.w.s.h.SimpleUrlHandlerMapping : Mapped to ResourceHttpRequestHandler [classpath [META-INF/resources/webjars/]]
2024-12-02 15:39:43.693 DEBUG 21618 --- [http-nio-8085-exec-7] o.s.web.servlet.DispatcherServlet : GET "/swagger-ui/swagger-ui-standalone-preset.js", parameters={}
2024-12-02 15:39:43.694 DEBUG 21619 --- [http-nio-8085-exec-6] o.s.web.servlet.DispatcherServlet : GET "/swagger-ui/swagger-ui-bundle.js", parameters={}
2024-12-02 15:39:43.695 DEBUG 21620 --- [http-nio-8085-exec-6] o.s.w.s.h.SimpleUrlHandlerMapping : Mapped to ResourceHttpRequestHandler [classpath [META-INF/resources/webjars/]]
2024-12-02 15:39:43.695 DEBUG 21620 --- [http-nio-8085-exec-5] o.s.web.servlet.DispatcherServlet : Completed 304 NOT_MODIFIED
2024-12-02 15:39:43.696 DEBUG 21621 --- [http-nio-8085-exec-7] o.s.w.s.h.SimpleUrlHandlerMapping : Mapped to ResourceHttpRequestHandler [classpath [META-INF/resources/webjars/]]
2024-12-02 15:39:43.698 DEBUG 21623 --- [http-nio-8085-exec-7] o.s.web.servlet.DispatcherServlet : Completed 304 NOT_MODIFIED
2024-12-02 15:39:43.698 DEBUG 21623 --- [http-nio-8085-exec-6] o.s.web.servlet.DispatcherServlet : Completed 304 NOT_MODIFIED
2024-12-02 15:39:43.728 DEBUG 21653 --- [http-nio-8085-exec-3] o.s.web.servlet.DispatcherServlet : Completed 200 OK
2024-12-02 15:39:43.964 DEBUG 21889 --- [http-nio-8085-exec-8] o.s.web.servlet.DispatcherServlet : GET "/api-docs/swagger-config", parameters={}
2024-12-02 15:39:43.965 DEBUG 21890 --- [http-nio-8085-exec-8] o.s.w.s.m.m.a.RequestMappingHandlerMapping : Mapped to org.springdoc.webmvc.ui.SwaggerConfigResource#openapiJson(HttpServletRequest)
2024-12-02 15:39:43.967 DEBUG 21892 --- [http-nio-8085-exec-8] o.s.w.s.m.m.a.RequestResponseBodyMethodProcessor : Using 'application/json', given [*/*] and supported [application/json]
2024-12-02 15:39:43.988 DEBUG 21913 --- [http-nio-8085-exec-8] o.s.w.s.m.m.a.RequestResponseBodyMethodProcessor : Writing [{configUrl=/api-docs/swagger-config, oauth2RedirectUrl=http://localhost:8085/swagger-ui/oauth2-redir (truncated)...]
2024-12-02 15:39:43.998 DEBUG 21923 --- [http-nio-8085-exec-8] o.s.web.servlet.DispatcherServlet : Completed 200 OK
2024-12-02 15:39:44.023 DEBUG 21948 --- [http-nio-8085-exec-9] o.s.web.servlet.DispatcherServlet : GET "/api-docs", parameters={}
2024-12-02 15:39:44.024 DEBUG 21949 --- [http-nio-8085-exec-9] o.s.w.s.m.m.a.RequestMappingHandlerMapping : Mapped to org.springdoc.webmvc.api.OpenApiWebMvcResource#openapiJson(HttpServletRequest, String, Locale)
2024-12-02 15:39:44.661 INFO  22586 --- [http-nio-8085-exec-9] o.s.api.AbstractOpenApiResource : Init duration for springdoc-openapi is: 614 ms
2024-12-02 15:39:44.729 DEBUG 22654 --- [http-nio-8085-exec-9] o.s.w.s.m.m.a.RequestResponseBodyMethodProcessor : Using 'application/json', given [application/json, */*] and supported [application/json]
2024-12-02 15:39:44.730 DEBUG 22655 --- [http-nio-8085-exec-9] o.s.w.s.m.m.a.RequestResponseBodyMethodProcessor : Writing [{123, 34, 111, 112, 101, 110, 97, 112, 105, 34, 58, 34, 51, 46, 48, 46, 49, 34, 44, 34, 105, 110, 10 (truncated)...]
2024-12-02 15:39:44.732 DEBUG 22657 --- [http-nio-8085-exec-9] o.s.web.servlet.DispatcherServlet : Completed 200 OK
2024-12-02 15:39:56.689 INFO  34614 --- [RMI TCP Connection(9)-127.0.0.1] o.s.b.a.SpringApplicationAdminMXBeanRegistrar$SpringApplicationAdmin : Application shutdown requested.
2024-12-02 15:39:56.694 INFO  34619 --- [RMI TCP Connection(9)-127.0.0.1] o.s.b.w.e.tomcat.GracefulShutdown : Commencing graceful shutdown. Waiting for active requests to complete
2024-12-02 15:39:56.736 INFO  34661 --- [tomcat-shutdown] o.s.b.w.e.tomcat.GracefulShutdown : Graceful shutdown complete
2024-12-02 15:40:17.576 INFO  1308  --- [main] f.d.training.TrainingApplication : Starting TrainingApplication using Java 17.0.12 with PID 9340 (C:\Users\Admin\Desktop\FormationSpring\training\target\classes started by Admin in C:\Users\Admin\Desktop\FormationSpring\training)
2024-12-02 15:40:17.581 INFO  1313  --- [main] f.d.training.TrainingApplication : The following 1 profile is active: "prod"
2024-12-02 15:40:19.092 INFO  2824  --- [main] o.s.b.w.e.tomcat.TomcatWebServer : Tomcat initialized with port 8080 (http)
2024-12-02 15:40:19.118 INFO  2850  --- [main] o.a.catalina.core.StandardService : Starting service [Tomcat]
2024-12-02 15:40:19.119 INFO  2851  --- [main] o.a.catalina.core.StandardEngine : Starting Servlet engine: [Apache Tomcat/10.1.33]
2024-12-02 15:40:19.241 INFO  2973  --- [main] o.a.c.c.C.[Tomcat].[localhost].[/] : Initializing Spring embedded WebApplicationContext
2024-12-02 15:40:19.242 INFO  2974  --- [main] o.s.b.w.s.c.ServletWebServerApplicationContext : Root WebApplicationContext: initialization completed in 1587 ms
2024-12-02 15:40:19.711 DEBUG 3443  --- [main] o.s.w.s.m.m.a.RequestMappingHandlerMapping : 16 mappings in 'requestMappingHandlerMapping'
2024-12-02 15:40:19.770 DEBUG 3502  --- [main] o.s.w.s.h.SimpleUrlHandlerMapping : Patterns [/webjars/**, /**, /swagger-ui*/*swagger-initializer.js, /swagger-ui*/**] in 'resourceHandlerMapping'
2024-12-02 15:40:19.819 DEBUG 3551  --- [main] o.s.w.s.m.m.a.RequestMappingHandlerAdapter : ControllerAdvice beans: 0 @ModelAttribute, 0 @InitBinder, 1 RequestBodyAdvice, 1 ResponseBodyAdvice
2024-12-02 15:40:19.905 DEBUG 3637  --- [main] o.s.w.s.m.m.a.ExceptionHandlerExceptionResolver : ControllerAdvice beans: 2 @ExceptionHandler, 1 ResponseBodyAdvice
2024-12-02 15:40:20.100 INFO  3832  --- [main] o.s.b.w.e.tomcat.TomcatWebServer : Tomcat started on port 8080 (http) with context path '/'
2024-12-02 15:40:20.120 INFO  3852  --- [main] f.d.training.TrainingApplication : Started TrainingApplication in 3.193 seconds (process running for 4.503)
2024-12-02 15:40:48.924 INFO  32656 --- [http-nio-8080-exec-1] o.a.c.c.C.[Tomcat].[localhost].[/] : Initializing Spring DispatcherServlet 'dispatcherServlet'
2024-12-02 15:40:48.926 INFO  32658 --- [http-nio-8080-exec-1] o.s.web.servlet.DispatcherServlet : Initializing Servlet 'dispatcherServlet'
2024-12-02 15:40:48.927 DEBUG 32659 --- [http-nio-8080-exec-1] o.s.web.servlet.DispatcherServlet : Detected StandardServletMultipartResolver
2024-12-02 15:40:48.929 DEBUG 32661 --- [http-nio-8080-exec-1] o.s.web.servlet.DispatcherServlet : Detected AcceptHeaderLocaleResolver
2024-12-02 15:40:48.930 DEBUG 32662 --- [http-nio-8080-exec-1] o.s.web.servlet.DispatcherServlet : Detected FixedThemeResolver
2024-12-02 15:40:48.933 DEBUG 32665 --- [http-nio-8080-exec-1] o.s.web.servlet.DispatcherServlet : Detected org.springframework.web.servlet.view.DefaultRequestToViewNameTranslator@4fac4ee5
2024-12-02 15:40:48.935 DEBUG 32667 --- [http-nio-8080-exec-1] o.s.web.servlet.DispatcherServlet : Detected org.springframework.web.servlet.support.SessionFlashMapManager@59acfb65
2024-12-02 15:40:48.935 DEBUG 32667 --- [http-nio-8080-exec-1] o.s.web.servlet.DispatcherServlet : enableLoggingRequestDetails='false': request parameters and headers will be masked to prevent unsafe logging of potentially sensitive data
2024-12-02 15:40:48.935 INFO  32667 --- [http-nio-8080-exec-1] o.s.web.servlet.DispatcherServlet : Completed initialization in 8 ms
2024-12-02 15:40:48.953 DEBUG 32685 --- [http-nio-8080-exec-1] o.s.web.servlet.DispatcherServlet : GET "/swagger-ui.html", parameters={}
2024-12-02 15:40:48.974 DEBUG 32706 --- [http-nio-8080-exec-1] o.s.w.s.m.m.a.RequestMappingHandlerMapping : Mapped to org.springdoc.webmvc.ui.SwaggerWelcomeWebMvc#redirectToUi(HttpServletRequest)
2024-12-02 15:40:49.076 DEBUG 32808 --- [http-nio-8080-exec-1] o.s.w.s.m.m.a.HttpEntityMethodProcessor : Using 'application/json;q=0.8', given [text/html, application/xhtml+xml, image/avif, image/webp, image/apng, application/xml;q=0.9, */*;q=0.8, application/signed-exchange;v=b3;q=0.7] and supported [application/json, application/*+json, application/yaml]
2024-12-02 15:40:49.081 DEBUG 32813 --- [http-nio-8080-exec-1] o.s.w.s.m.m.a.HttpEntityMethodProcessor : Nothing to write: null body
2024-12-02 15:40:49.084 DEBUG 32816 --- [http-nio-8080-exec-1] o.s.web.servlet.DispatcherServlet : Completed 302 FOUND
2024-12-02 15:40:49.093 DEBUG 32825 --- [http-nio-8080-exec-2] o.s.web.servlet.DispatcherServlet : GET "/swagger-ui/index.html", parameters={}
2024-12-02 15:40:49.111 DEBUG 32843 --- [http-nio-8080-exec-2] o.s.w.s.h.SimpleUrlHandlerMapping : Mapped to ResourceHttpRequestHandler [classpath [META-INF/resources/webjars/]]
2024-12-02 15:40:49.123 DEBUG 32855 --- [http-nio-8080-exec-2] o.s.web.servlet.DispatcherServlet : Completed 200 OK
2024-12-02 15:40:49.155 DEBUG 32887 --- [http-nio-8080-exec-4] o.s.web.servlet.DispatcherServlet : GET "/swagger-ui/index.css", parameters={}
2024-12-02 15:40:49.158 DEBUG 32890 --- [http-nio-8080-exec-3] o.s.web.servlet.DispatcherServlet : GET "/swagger-ui/swagger-ui.css", parameters={}
2024-12-02 15:40:49.158 DEBUG 32890 --- [http-nio-8080-exec-4] o.s.w.s.h.SimpleUrlHandlerMapping : Mapped to ResourceHttpRequestHandler [classpath [META-INF/resources/webjars/]]
2024-12-02 15:40:49.158 DEBUG 32890 --- [http-nio-8080-exec-3] o.s.w.s.h.SimpleUrlHandlerMapping : Mapped to ResourceHttpRequestHandler [classpath [META-INF/resources/webjars/]]
2024-12-02 15:40:49.159 DEBUG 32891 --- [http-nio-8080-exec-6] o.s.web.servlet.DispatcherServlet : GET "/swagger-ui/swagger-ui-standalone-preset.js", parameters={}
2024-12-02 15:40:49.161 DEBUG 32893 --- [http-nio-8080-exec-4] o.s.web.servlet.DispatcherServlet : Completed 200 OK
2024-12-02 15:40:49.161 DEBUG 32893 --- [http-nio-8080-exec-6] o.s.w.s.h.SimpleUrlHandlerMapping : Mapped to ResourceHttpRequestHandler [classpath [META-INF/resources/webjars/]]
2024-12-02 15:40:49.162 DEBUG 32894 --- [http-nio-8080-exec-3] o.s.web.servlet.DispatcherServlet : Completed 200 OK
2024-12-02 15:40:49.164 DEBUG 32896 --- [http-nio-8080-exec-5] o.s.web.servlet.DispatcherServlet : GET "/swagger-ui/swagger-ui-bundle.js", parameters={}
2024-12-02 15:40:49.167 DEBUG 32899 --- [http-nio-8080-exec-5] o.s.w.s.h.SimpleUrlHandlerMapping : Mapped to ResourceHttpRequestHandler [classpath [META-INF/resources/webjars/]]
2024-12-02 15:40:49.167 DEBUG 32899 --- [http-nio-8080-exec-4] o.s.web.servlet.DispatcherServlet : GET "/swagger-ui/swagger-initializer.js", parameters={}
2024-12-02 15:40:49.168 DEBUG 32900 --- [http-nio-8080-exec-4] o.s.w.s.h.SimpleUrlHandlerMapping : Mapped to ResourceHttpRequestHandler [classpath [META-INF/resources/webjars/]]
2024-12-02 15:40:49.169 DEBUG 32901 --- [http-nio-8080-exec-6] o.s.web.servlet.DispatcherServlet : Completed 200 OK
2024-12-02 15:40:49.231 DEBUG 32963 --- [http-nio-8080-exec-5] o.s.web.servlet.DispatcherServlet : Completed 200 OK
2024-12-02 15:40:49.254 DEBUG 32986 --- [http-nio-8080-exec-4] o.s.web.servlet.DispatcherServlet : Completed 200 OK
2024-12-02 15:40:49.529 DEBUG 33261 --- [http-nio-8080-exec-8] o.s.web.servlet.DispatcherServlet : GET "/api-docs/swagger-config", parameters={}
2024-12-02 15:40:49.530 DEBUG 33262 --- [http-nio-8080-exec-8] o.s.w.s.m.m.a.RequestMappingHandlerMapping : Mapped to org.springdoc.webmvc.ui.SwaggerConfigResource#openapiJson(HttpServletRequest)
2024-12-02 15:40:49.533 DEBUG 33265 --- [http-nio-8080-exec-8] o.s.w.s.m.m.a.RequestResponseBodyMethodProcessor : Using 'application/json', given [*/*] and supported [application/json]
2024-12-02 15:40:49.553 DEBUG 33285 --- [http-nio-8080-exec-8] o.s.w.s.m.m.a.RequestResponseBodyMethodProcessor : Writing [{configUrl=/api-docs/swagger-config, oauth2RedirectUrl=http://localhost:8080/swagger-ui/oauth2-redir (truncated)...]
2024-12-02 15:40:49.561 DEBUG 33293 --- [http-nio-8080-exec-9] o.s.web.servlet.DispatcherServlet : GET "/swagger-ui/favicon-32x32.png", parameters={}
2024-12-02 15:40:49.564 DEBUG 33296 --- [http-nio-8080-exec-9] o.s.w.s.h.SimpleUrlHandlerMapping : Mapped to ResourceHttpRequestHandler [classpath [META-INF/resources/webjars/]]
2024-12-02 15:40:49.567 DEBUG 33299 --- [http-nio-8080-exec-8] o.s.web.servlet.DispatcherServlet : Completed 200 OK
2024-12-02 15:40:49.572 DEBUG 33304 --- [http-nio-8080-exec-9] o.s.web.servlet.DispatcherServlet : Completed 200 OK
2024-12-02 15:40:49.589 DEBUG 33321 --- [http-nio-8080-exec-10] o.s.web.servlet.DispatcherServlet : GET "/api-docs", parameters={}
2024-12-02 15:40:49.592 DEBUG 33324 --- [http-nio-8080-exec-10] o.s.w.s.m.m.a.RequestMappingHandlerMapping : Mapped to org.springdoc.webmvc.api.OpenApiWebMvcResource#openapiJson(HttpServletRequest, String, Locale)
2024-12-02 15:40:50.114 INFO  33846 --- [http-nio-8080-exec-10] o.s.api.AbstractOpenApiResource : Init duration for springdoc-openapi is: 507 ms
2024-12-02 15:40:50.183 DEBUG 33915 --- [http-nio-8080-exec-10] o.s.w.s.m.m.a.RequestResponseBodyMethodProcessor : Using 'application/json', given [application/json, */*] and supported [application/json]
2024-12-02 15:40:50.185 DEBUG 33917 --- [http-nio-8080-exec-10] o.s.w.s.m.m.a.RequestResponseBodyMethodProcessor : Writing [{123, 34, 111, 112, 101, 110, 97, 112, 105, 34, 58, 34, 51, 46, 48, 46, 49, 34, 44, 34, 105, 110, 10 (truncated)...]
2024-12-02 15:40:50.186 DEBUG 33918 --- [http-nio-8080-exec-10] o.s.web.servlet.DispatcherServlet : Completed 200 OK
2024-12-02 15:41:12.375 DEBUG 56107 --- [http-nio-8080-exec-1] o.s.web.servlet.DispatcherServlet : GET "/api-docs", parameters={}
2024-12-02 15:41:12.376 DEBUG 56108 --- [http-nio-8080-exec-1] o.s.w.s.m.m.a.RequestMappingHandlerMapping : Mapped to org.springdoc.webmvc.api.OpenApiWebMvcResource#openapiJson(HttpServletRequest, String, Locale)
2024-12-02 15:41:12.390 DEBUG 56122 --- [http-nio-8080-exec-1] o.s.w.s.m.m.a.RequestResponseBodyMethodProcessor : Using 'application/json;q=0.8', given [text/html, application/xhtml+xml, image/avif, image/webp, image/apng, application/xml;q=0.9, */*;q=0.8, application/signed-exchange;v=b3;q=0.7] and supported [application/json]
2024-12-02 15:41:12.392 DEBUG 56124 --- [http-nio-8080-exec-1] o.s.w.s.m.m.a.RequestResponseBodyMethodProcessor : Writing [{123, 34, 111, 112, 101, 110, 97, 112, 105, 34, 58, 34, 51, 46, 48, 46, 49, 34, 44, 34, 105, 110, 10 (truncated)...]
2024-12-02 15:41:12.393 DEBUG 56125 --- [http-nio-8080-exec-1] o.s.web.servlet.DispatcherServlet : Completed 200 OK
2024-12-02 15:41:12.439 DEBUG 56171 --- [http-nio-8080-exec-2] o.s.web.servlet.DispatcherServlet : GET "/favicon.ico", parameters={}
2024-12-02 15:41:12.441 DEBUG 56173 --- [http-nio-8080-exec-2] o.s.w.s.h.SimpleUrlHandlerMapping : Mapped to ResourceHttpRequestHandler [classpath [META-INF/resources/], classpath [resources/], classpath [static/], classpath [public/], ServletContext [/]]
2024-12-02 15:41:12.446 DEBUG 56178 --- [http-nio-8080-exec-2] o.s.w.s.r.ResourceHttpRequestHandler : Resource not found
2024-12-02 15:41:12.452 DEBUG 56184 --- [http-nio-8080-exec-2] o.s.w.s.m.m.a.ExceptionHandlerExceptionResolver : Using @ExceptionHandler fr.dawan.training.interceptors.MyGlobalExceptionHandler#handleException(Exception, WebRequest)
2024-12-02 15:41:12.466 DEBUG 56198 --- [http-nio-8080-exec-2] o.s.w.s.m.m.a.HttpEntityMethodProcessor : Using 'application/problem+json;q=0.8', given [image/avif, image/webp, image/apng, image/svg+xml, image/*, */*;q=0.8] and supported [application/problem+json]
2024-12-02 15:41:12.482 DEBUG 56214 --- [http-nio-8080-exec-2] o.s.w.s.m.m.a.HttpEntityMethodProcessor : Writing [ProblemDetail[type='about:blank', title='Not Found', status=404, detail='No static resource favicon. (truncated)...]
2024-12-02 15:41:12.515 DEBUG 56247 --- [http-nio-8080-exec-2] o.s.w.s.m.m.a.ExceptionHandlerExceptionResolver : Resolved [org.springframework.web.servlet.resource.NoResourceFoundException: No static resource favicon.ico.]
2024-12-02 15:41:12.517 DEBUG 56249 --- [http-nio-8080-exec-2] o.s.web.servlet.DispatcherServlet : Completed 404 NOT_FOUND
2024-12-02 15:41:29.091 INFO  72823 --- [RMI TCP Connection(8)-127.0.0.1] o.s.b.a.SpringApplicationAdminMXBeanRegistrar$SpringApplicationAdmin : Application shutdown requested.
2024-12-02 15:41:29.095 INFO  72827 --- [RMI TCP Connection(8)-127.0.0.1] o.s.b.w.e.tomcat.GracefulShutdown : Commencing graceful shutdown. Waiting for active requests to complete
2024-12-02 15:41:29.136 INFO  72868 --- [tomcat-shutdown] o.s.b.w.e.tomcat.GracefulShutdown : Graceful shutdown complete
2024-12-02 15:44:33.981 INFO  1415  --- [main] f.d.training.TrainingApplication : Starting TrainingApplication using Java 17.0.12 with PID 4844 (C:\Users\Admin\Desktop\FormationSpring\training\target\classes started by Admin in C:\Users\Admin\Desktop\FormationSpring\training)
2024-12-02 15:44:33.986 INFO  1420  --- [main] f.d.training.TrainingApplication : The following 1 profile is active: "prod"
2024-12-02 15:44:35.593 INFO  3027  --- [main] o.s.b.w.e.tomcat.TomcatWebServer : Tomcat initialized with port 8080 (http)
2024-12-02 15:44:35.616 INFO  3050  --- [main] o.a.catalina.core.StandardService : Starting service [Tomcat]
2024-12-02 15:44:35.618 INFO  3052  --- [main] o.a.catalina.core.StandardEngine : Starting Servlet engine: [Apache Tomcat/10.1.33]
2024-12-02 15:44:35.740 INFO  3174  --- [main] o.a.c.c.C.[Tomcat].[localhost].[/] : Initializing Spring embedded WebApplicationContext
2024-12-02 15:44:35.741 INFO  3175  --- [main] o.s.b.w.s.c.ServletWebServerApplicationContext : Root WebApplicationContext: initialization completed in 1670 ms
2024-12-02 15:44:36.143 DEBUG 3577  --- [main] o.s.w.s.m.m.a.RequestMappingHandlerMapping : 14 mappings in 'requestMappingHandlerMapping'
2024-12-02 15:44:36.203 DEBUG 3637  --- [main] o.s.w.s.h.SimpleUrlHandlerMapping : Patterns [/webjars/**, /**] in 'resourceHandlerMapping'
2024-12-02 15:44:36.253 DEBUG 3687  --- [main] o.s.w.s.m.m.a.RequestMappingHandlerAdapter : ControllerAdvice beans: 0 @ModelAttribute, 0 @InitBinder, 1 RequestBodyAdvice, 1 ResponseBodyAdvice
2024-12-02 15:44:36.338 DEBUG 3772  --- [main] o.s.w.s.m.m.a.ExceptionHandlerExceptionResolver : ControllerAdvice beans: 2 @ExceptionHandler, 1 ResponseBodyAdvice
2024-12-02 15:44:36.581 INFO  4015  --- [main] o.s.b.w.e.tomcat.TomcatWebServer : Tomcat started on port 8080 (http) with context path '/'
2024-12-02 15:44:36.597 INFO  4031  --- [main] f.d.training.TrainingApplication : Started TrainingApplication in 3.316 seconds (process running for 4.669)
2024-12-02 15:44:50.004 INFO  17438 --- [http-nio-8080-exec-1] o.a.c.c.C.[Tomcat].[localhost].[/] : Initializing Spring DispatcherServlet 'dispatcherServlet'
2024-12-02 15:44:50.004 INFO  17438 --- [http-nio-8080-exec-1] o.s.web.servlet.DispatcherServlet : Initializing Servlet 'dispatcherServlet'
2024-12-02 15:44:50.005 DEBUG 17439 --- [http-nio-8080-exec-1] o.s.web.servlet.DispatcherServlet : Detected StandardServletMultipartResolver
2024-12-02 15:44:50.005 DEBUG 17439 --- [http-nio-8080-exec-1] o.s.web.servlet.DispatcherServlet : Detected AcceptHeaderLocaleResolver
2024-12-02 15:44:50.005 DEBUG 17439 --- [http-nio-8080-exec-1] o.s.web.servlet.DispatcherServlet : Detected FixedThemeResolver
2024-12-02 15:44:50.006 DEBUG 17440 --- [http-nio-8080-exec-1] o.s.web.servlet.DispatcherServlet : Detected org.springframework.web.servlet.view.DefaultRequestToViewNameTranslator@6360f508
2024-12-02 15:44:50.007 DEBUG 17441 --- [http-nio-8080-exec-1] o.s.web.servlet.DispatcherServlet : Detected org.springframework.web.servlet.support.SessionFlashMapManager@117b54b9
2024-12-02 15:44:50.007 DEBUG 17441 --- [http-nio-8080-exec-1] o.s.web.servlet.DispatcherServlet : enableLoggingRequestDetails='false': request parameters and headers will be masked to prevent unsafe logging of potentially sensitive data
2024-12-02 15:44:50.008 INFO  17442 --- [http-nio-8080-exec-1] o.s.web.servlet.DispatcherServlet : Completed initialization in 3 ms
2024-12-02 15:44:50.022 DEBUG 17456 --- [http-nio-8080-exec-1] o.s.web.servlet.DispatcherServlet : GET "/api-docs", parameters={}
2024-12-02 15:44:50.042 DEBUG 17476 --- [http-nio-8080-exec-1] o.s.w.s.m.m.a.RequestMappingHandlerMapping : Mapped to org.springdoc.webmvc.api.OpenApiWebMvcResource#openapiJson(HttpServletRequest, String, Locale)
2024-12-02 15:44:50.517 INFO  17951 --- [http-nio-8080-exec-1] o.s.api.AbstractOpenApiResource : Init duration for springdoc-openapi is: 438 ms
2024-12-02 15:44:50.577 DEBUG 18011 --- [http-nio-8080-exec-1] o.s.w.s.m.m.a.RequestResponseBodyMethodProcessor : Using 'application/json;q=0.8', given [text/html, application/xhtml+xml, image/avif, image/webp, image/apng, application/xml;q=0.9, */*;q=0.8, application/signed-exchange;v=b3;q=0.7] and supported [application/json]
2024-12-02 15:44:50.583 DEBUG 18017 --- [http-nio-8080-exec-1] o.s.w.s.m.m.a.RequestResponseBodyMethodProcessor : Writing [{123, 34, 111, 112, 101, 110, 97, 112, 105, 34, 58, 34, 51, 46, 48, 46, 49, 34, 44, 34, 105, 110, 10 (truncated)...]
2024-12-02 15:44:50.591 DEBUG 18025 --- [http-nio-8080-exec-1] o.s.web.servlet.DispatcherServlet : Completed 200 OK
2024-12-02 15:44:59.042 DEBUG 26476 --- [http-nio-8080-exec-2] o.s.web.servlet.DispatcherServlet : GET "/swagger-ui.html", parameters={}
2024-12-02 15:44:59.049 DEBUG 26483 --- [http-nio-8080-exec-2] o.s.w.s.h.SimpleUrlHandlerMapping : Mapped to ResourceHttpRequestHandler [classpath [META-INF/resources/], classpath [resources/], classpath [static/], classpath [public/], ServletContext [/]]
2024-12-02 15:44:59.054 DEBUG 26488 --- [http-nio-8080-exec-2] o.s.w.s.r.ResourceHttpRequestHandler : Resource not found
2024-12-02 15:44:59.060 DEBUG 26494 --- [http-nio-8080-exec-2] o.s.w.s.m.m.a.ExceptionHandlerExceptionResolver : Using @ExceptionHandler fr.dawan.training.interceptors.MyGlobalExceptionHandler#handleException(Exception, WebRequest)
2024-12-02 15:44:59.073 DEBUG 26507 --- [http-nio-8080-exec-2] o.s.w.s.m.m.a.HttpEntityMethodProcessor : Using 'application/problem+json;q=0.8', given [text/html, application/xhtml+xml, image/avif, image/webp, image/apng, application/xml;q=0.9, */*;q=0.8, application/signed-exchange;v=b3;q=0.7] and supported [application/problem+json]
2024-12-02 15:44:59.081 DEBUG 26515 --- [http-nio-8080-exec-2] o.s.w.s.m.m.a.HttpEntityMethodProcessor : Writing [ProblemDetail[type='about:blank', title='Not Found', status=404, detail='No static resource swagger- (truncated)...]
2024-12-02 15:44:59.091 DEBUG 26525 --- [http-nio-8080-exec-2] o.s.w.s.m.m.a.ExceptionHandlerExceptionResolver : Resolved [org.springframework.web.servlet.resource.NoResourceFoundException: No static resource swagger-ui.html.]
2024-12-02 15:44:59.092 DEBUG 26526 --- [http-nio-8080-exec-2] o.s.web.servlet.DispatcherServlet : Completed 404 NOT_FOUND
2024-12-02 15:45:17.582 DEBUG 45016 --- [http-nio-8080-exec-3] o.s.web.servlet.DispatcherServlet : GET "/swagger-ui", parameters={}
2024-12-02 15:45:17.585 DEBUG 45019 --- [http-nio-8080-exec-3] o.s.w.s.h.SimpleUrlHandlerMapping : Mapped to ResourceHttpRequestHandler [classpath [META-INF/resources/], classpath [resources/], classpath [static/], classpath [public/], ServletContext [/]]
2024-12-02 15:45:17.588 DEBUG 45022 --- [http-nio-8080-exec-3] o.s.w.s.r.ResourceHttpRequestHandler : Resource not found
2024-12-02 15:45:17.590 DEBUG 45024 --- [http-nio-8080-exec-3] o.s.w.s.m.m.a.ExceptionHandlerExceptionResolver : Using @ExceptionHandler fr.dawan.training.interceptors.MyGlobalExceptionHandler#handleException(Exception, WebRequest)
2024-12-02 15:45:17.591 DEBUG 45025 --- [http-nio-8080-exec-3] o.s.w.s.m.m.a.HttpEntityMethodProcessor : Using 'application/problem+json;q=0.8', given [text/html, application/xhtml+xml, image/avif, image/webp, image/apng, application/xml;q=0.9, */*;q=0.8, application/signed-exchange;v=b3;q=0.7] and supported [application/problem+json]
2024-12-02 15:45:17.592 DEBUG 45026 --- [http-nio-8080-exec-3] o.s.w.s.m.m.a.HttpEntityMethodProcessor : Writing [ProblemDetail[type='about:blank', title='Not Found', status=404, detail='No static resource swagger- (truncated)...]
2024-12-02 15:45:17.595 DEBUG 45029 --- [http-nio-8080-exec-3] o.s.w.s.m.m.a.ExceptionHandlerExceptionResolver : Resolved [org.springframework.web.servlet.resource.NoResourceFoundException: No static resource swagger-ui.]
2024-12-02 15:45:17.597 DEBUG 45031 --- [http-nio-8080-exec-3] o.s.web.servlet.DispatcherServlet : Completed 404 NOT_FOUND
2024-12-02 15:45:22.326 INFO  49760 --- [RMI TCP Connection(10)-127.0.0.1] o.s.b.a.SpringApplicationAdminMXBeanRegistrar$SpringApplicationAdmin : Application shutdown requested.
2024-12-02 15:45:22.332 INFO  49766 --- [RMI TCP Connection(10)-127.0.0.1] o.s.b.w.e.tomcat.GracefulShutdown : Commencing graceful shutdown. Waiting for active requests to complete
2024-12-02 15:45:22.378 INFO  49812 --- [tomcat-shutdown] o.s.b.w.e.tomcat.GracefulShutdown : Graceful shutdown complete
2024-12-02 15:59:26.161 INFO  1222  --- [main] f.d.training.TrainingApplication : Starting TrainingApplication using Java 17.0.12 with PID 8160 (C:\Users\Admin\Desktop\FormationSpring\training\target\classes started by Admin in C:\Users\Admin\Desktop\FormationSpring\training)
2024-12-02 15:59:26.164 INFO  1225  --- [main] f.d.training.TrainingApplication : The following 1 profile is active: "dev"
2024-12-02 15:59:27.848 INFO  2909  --- [main] o.s.b.w.e.tomcat.TomcatWebServer : Tomcat initialized with port 8085 (http)
2024-12-02 15:59:27.878 INFO  2939  --- [main] o.a.catalina.core.StandardService : Starting service [Tomcat]
2024-12-02 15:59:27.879 INFO  2940  --- [main] o.a.catalina.core.StandardEngine : Starting Servlet engine: [Apache Tomcat/10.1.33]
2024-12-02 15:59:27.999 INFO  3060  --- [main] o.a.c.c.C.[Tomcat].[localhost].[/] : Initializing Spring embedded WebApplicationContext
2024-12-02 15:59:28.002 INFO  3063  --- [main] o.s.b.w.s.c.ServletWebServerApplicationContext : Root WebApplicationContext: initialization completed in 1762 ms
2024-12-02 15:59:28.476 DEBUG 3537  --- [main] o.s.w.s.m.m.a.RequestMappingHandlerMapping : 16 mappings in 'requestMappingHandlerMapping'
2024-12-02 15:59:28.534 DEBUG 3595  --- [main] o.s.w.s.h.SimpleUrlHandlerMapping : Patterns [/webjars/**, /**, /swagger-ui*/*swagger-initializer.js, /swagger-ui*/**] in 'resourceHandlerMapping'
2024-12-02 15:59:28.584 DEBUG 3645  --- [main] o.s.w.s.m.m.a.RequestMappingHandlerAdapter : ControllerAdvice beans: 0 @ModelAttribute, 0 @InitBinder, 1 RequestBodyAdvice, 1 ResponseBodyAdvice
2024-12-02 15:59:28.660 DEBUG 3721  --- [main] o.s.w.s.m.m.a.ExceptionHandlerExceptionResolver : ControllerAdvice beans: 2 @ExceptionHandler, 1 ResponseBodyAdvice
2024-12-02 15:59:28.857 INFO  3918  --- [main] o.s.b.w.e.tomcat.TomcatWebServer : Tomcat started on port 8085 (http) with context path '/'
2024-12-02 15:59:28.874 INFO  3935  --- [main] f.d.training.TrainingApplication : Started TrainingApplication in 3.311 seconds (process running for 4.637)
2024-12-02 15:59:56.800 INFO  31861 --- [http-nio-8085-exec-1] o.a.c.c.C.[Tomcat].[localhost].[/] : Initializing Spring DispatcherServlet 'dispatcherServlet'
2024-12-02 15:59:56.802 INFO  31863 --- [http-nio-8085-exec-1] o.s.web.servlet.DispatcherServlet : Initializing Servlet 'dispatcherServlet'
2024-12-02 15:59:56.802 DEBUG 31863 --- [http-nio-8085-exec-1] o.s.web.servlet.DispatcherServlet : Detected StandardServletMultipartResolver
2024-12-02 15:59:56.803 DEBUG 31864 --- [http-nio-8085-exec-1] o.s.web.servlet.DispatcherServlet : Detected AcceptHeaderLocaleResolver
2024-12-02 15:59:56.803 DEBUG 31864 --- [http-nio-8085-exec-1] o.s.web.servlet.DispatcherServlet : Detected FixedThemeResolver
2024-12-02 15:59:56.805 DEBUG 31866 --- [http-nio-8085-exec-1] o.s.web.servlet.DispatcherServlet : Detected org.springframework.web.servlet.view.DefaultRequestToViewNameTranslator@3bb908ff
2024-12-02 15:59:56.805 DEBUG 31866 --- [http-nio-8085-exec-1] o.s.web.servlet.DispatcherServlet : Detected org.springframework.web.servlet.support.SessionFlashMapManager@ea366a7
2024-12-02 15:59:56.806 DEBUG 31867 --- [http-nio-8085-exec-1] o.s.web.servlet.DispatcherServlet : enableLoggingRequestDetails='false': request parameters and headers will be masked to prevent unsafe logging of potentially sensitive data
2024-12-02 15:59:56.806 INFO  31867 --- [http-nio-8085-exec-1] o.s.web.servlet.DispatcherServlet : Completed initialization in 4 ms
2024-12-02 15:59:56.823 DEBUG 31884 --- [http-nio-8085-exec-1] o.s.web.servlet.DispatcherServlet : GET "/swagger-ui", parameters={}
2024-12-02 15:59:56.843 DEBUG 31904 --- [http-nio-8085-exec-1] o.s.w.s.h.SimpleUrlHandlerMapping : Mapped to ResourceHttpRequestHandler [classpath [META-INF/resources/webjars/]]
2024-12-02 15:59:56.859 DEBUG 31920 --- [http-nio-8085-exec-1] o.s.w.s.r.ResourceHttpRequestHandler : Resource not found
2024-12-02 15:59:56.869 DEBUG 31930 --- [http-nio-8085-exec-1] o.s.w.s.m.m.a.ExceptionHandlerExceptionResolver : Using @ExceptionHandler fr.dawan.training.interceptors.MyGlobalExceptionHandler#handleException(Exception, WebRequest)
2024-12-02 15:59:56.973 DEBUG 32034 --- [http-nio-8085-exec-1] o.s.w.s.m.m.a.HttpEntityMethodProcessor : Using 'application/problem+json;q=0.8', given [text/html, application/xhtml+xml, image/avif, image/webp, image/apng, application/xml;q=0.9, */*;q=0.8, application/signed-exchange;v=b3;q=0.7] and supported [application/problem+json]
2024-12-02 15:59:56.999 DEBUG 32060 --- [http-nio-8085-exec-1] o.s.w.s.m.m.a.HttpEntityMethodProcessor : Writing [ProblemDetail[type='about:blank', title='Not Found', status=404, detail='No static resource swagger- (truncated)...]
2024-12-02 15:59:57.028 DEBUG 32089 --- [http-nio-8085-exec-1] o.s.w.s.m.m.a.ExceptionHandlerExceptionResolver : Resolved [org.springframework.web.servlet.resource.NoResourceFoundException: No static resource swagger-ui.]
2024-12-02 15:59:57.028 DEBUG 32089 --- [http-nio-8085-exec-1] o.s.web.servlet.DispatcherServlet : Completed 404 NOT_FOUND
2024-12-02 16:00:02.413 DEBUG 37474 --- [http-nio-8085-exec-2] o.s.web.servlet.DispatcherServlet : GET "/swagger-ui.html", parameters={}
2024-12-02 16:00:02.416 DEBUG 37477 --- [http-nio-8085-exec-2] o.s.w.s.m.m.a.RequestMappingHandlerMapping : Mapped to org.springdoc.webmvc.ui.SwaggerWelcomeWebMvc#redirectToUi(HttpServletRequest)
2024-12-02 16:00:02.496 DEBUG 37557 --- [http-nio-8085-exec-2] o.s.w.s.m.m.a.HttpEntityMethodProcessor : Using 'application/json;q=0.8', given [text/html, application/xhtml+xml, image/avif, image/webp, image/apng, application/xml;q=0.9, */*;q=0.8, application/signed-exchange;v=b3;q=0.7] and supported [application/json, application/*+json, application/yaml]
2024-12-02 16:00:02.498 DEBUG 37559 --- [http-nio-8085-exec-2] o.s.w.s.m.m.a.HttpEntityMethodProcessor : Nothing to write: null body
2024-12-02 16:00:02.500 DEBUG 37561 --- [http-nio-8085-exec-2] o.s.web.servlet.DispatcherServlet : Completed 302 FOUND
2024-12-02 16:00:02.508 DEBUG 37569 --- [http-nio-8085-exec-3] o.s.web.servlet.DispatcherServlet : GET "/swagger-ui/index.html", parameters={}
2024-12-02 16:00:02.511 DEBUG 37572 --- [http-nio-8085-exec-3] o.s.w.s.h.SimpleUrlHandlerMapping : Mapped to ResourceHttpRequestHandler [classpath [META-INF/resources/webjars/]]
2024-12-02 16:00:02.518 DEBUG 37579 --- [http-nio-8085-exec-3] o.s.web.servlet.DispatcherServlet : Completed 304 NOT_MODIFIED
2024-12-02 16:00:02.548 DEBUG 37609 --- [http-nio-8085-exec-4] o.s.web.servlet.DispatcherServlet : GET "/swagger-ui/swagger-ui.css", parameters={}
2024-12-02 16:00:02.550 DEBUG 37611 --- [http-nio-8085-exec-4] o.s.w.s.h.SimpleUrlHandlerMapping : Mapped to ResourceHttpRequestHandler [classpath [META-INF/resources/webjars/]]
2024-12-02 16:00:02.554 DEBUG 37615 --- [http-nio-8085-exec-4] o.s.web.servlet.DispatcherServlet : Completed 304 NOT_MODIFIED
2024-12-02 16:00:02.556 DEBUG 37617 --- [http-nio-8085-exec-5] o.s.web.servlet.DispatcherServlet : GET "/swagger-ui/swagger-initializer.js", parameters={}
2024-12-02 16:00:02.557 DEBUG 37618 --- [http-nio-8085-exec-4] o.s.web.servlet.DispatcherServlet : GET "/swagger-ui/swagger-ui-bundle.js", parameters={}
2024-12-02 16:00:02.557 DEBUG 37618 --- [http-nio-8085-exec-6] o.s.web.servlet.DispatcherServlet : GET "/swagger-ui/index.css", parameters={}
2024-12-02 16:00:02.560 DEBUG 37621 --- [http-nio-8085-exec-4] o.s.w.s.h.SimpleUrlHandlerMapping : Mapped to ResourceHttpRequestHandler [classpath [META-INF/resources/webjars/]]
2024-12-02 16:00:02.560 DEBUG 37621 --- [http-nio-8085-exec-6] o.s.w.s.h.SimpleUrlHandlerMapping : Mapped to ResourceHttpRequestHandler [classpath [META-INF/resources/webjars/]]
2024-12-02 16:00:02.561 DEBUG 37622 --- [http-nio-8085-exec-5] o.s.w.s.h.SimpleUrlHandlerMapping : Mapped to ResourceHttpRequestHandler [classpath [META-INF/resources/webjars/]]
2024-12-02 16:00:02.559 DEBUG 37620 --- [http-nio-8085-exec-7] o.s.web.servlet.DispatcherServlet : GET "/swagger-ui/swagger-ui-standalone-preset.js", parameters={}
2024-12-02 16:00:02.562 DEBUG 37623 --- [http-nio-8085-exec-6] o.s.web.servlet.DispatcherServlet : Completed 304 NOT_MODIFIED
2024-12-02 16:00:02.565 DEBUG 37626 --- [http-nio-8085-exec-7] o.s.w.s.h.SimpleUrlHandlerMapping : Mapped to ResourceHttpRequestHandler [classpath [META-INF/resources/webjars/]]
2024-12-02 16:00:02.565 DEBUG 37626 --- [http-nio-8085-exec-4] o.s.web.servlet.DispatcherServlet : Completed 304 NOT_MODIFIED
2024-12-02 16:00:02.567 DEBUG 37628 --- [http-nio-8085-exec-7] o.s.web.servlet.DispatcherServlet : Completed 304 NOT_MODIFIED
2024-12-02 16:00:02.582 DEBUG 37643 --- [http-nio-8085-exec-5] o.s.web.servlet.DispatcherServlet : Completed 200 OK
2024-12-02 16:00:02.858 DEBUG 37919 --- [http-nio-8085-exec-9] o.s.web.servlet.DispatcherServlet : GET "/api-docs/swagger-config", parameters={}
2024-12-02 16:00:02.858 DEBUG 37919 --- [http-nio-8085-exec-9] o.s.w.s.m.m.a.RequestMappingHandlerMapping : Mapped to org.springdoc.webmvc.ui.SwaggerConfigResource#openapiJson(HttpServletRequest)
2024-12-02 16:00:02.861 DEBUG 37922 --- [http-nio-8085-exec-9] o.s.w.s.m.m.a.RequestResponseBodyMethodProcessor : Using 'application/json', given [*/*] and supported [application/json]
2024-12-02 16:00:02.865 DEBUG 37926 --- [http-nio-8085-exec-9] o.s.w.s.m.m.a.RequestResponseBodyMethodProcessor : Writing [{configUrl=/api-docs/swagger-config, oauth2RedirectUrl=http://localhost:8085/swagger-ui/oauth2-redir (truncated)...]
2024-12-02 16:00:02.866 DEBUG 37927 --- [http-nio-8085-exec-9] o.s.web.servlet.DispatcherServlet : Completed 200 OK
2024-12-02 16:00:02.946 DEBUG 38007 --- [http-nio-8085-exec-10] o.s.web.servlet.DispatcherServlet : GET "/api-docs", parameters={}
2024-12-02 16:00:02.948 DEBUG 38009 --- [http-nio-8085-exec-10] o.s.w.s.m.m.a.RequestMappingHandlerMapping : Mapped to org.springdoc.webmvc.api.OpenApiWebMvcResource#openapiJson(HttpServletRequest, String, Locale)
2024-12-02 16:00:03.514 INFO  38575 --- [http-nio-8085-exec-10] o.s.api.AbstractOpenApiResource : Init duration for springdoc-openapi is: 550 ms
2024-12-02 16:00:03.575 DEBUG 38636 --- [http-nio-8085-exec-10] o.s.w.s.m.m.a.RequestResponseBodyMethodProcessor : Using 'application/json', given [application/json, */*] and supported [application/json]
2024-12-02 16:00:03.578 DEBUG 38639 --- [http-nio-8085-exec-10] o.s.w.s.m.m.a.RequestResponseBodyMethodProcessor : Writing [{123, 34, 111, 112, 101, 110, 97, 112, 105, 34, 58, 34, 51, 46, 48, 46, 49, 34, 44, 34, 105, 110, 10 (truncated)...]
2024-12-02 16:00:03.580 DEBUG 38641 --- [http-nio-8085-exec-10] o.s.web.servlet.DispatcherServlet : Completed 200 OK
2024-12-02 16:01:21.859 DEBUG 116920 --- [http-nio-8085-exec-4] o.s.web.servlet.DispatcherServlet : GET "/api-docs", parameters={}
2024-12-02 16:01:21.861 DEBUG 116922 --- [http-nio-8085-exec-4] o.s.w.s.m.m.a.RequestMappingHandlerMapping : Mapped to org.springdoc.webmvc.api.OpenApiWebMvcResource#openapiJson(HttpServletRequest, String, Locale)
2024-12-02 16:01:21.877 DEBUG 116938 --- [http-nio-8085-exec-4] o.s.w.s.m.m.a.RequestResponseBodyMethodProcessor : Using 'application/json;q=0.8', given [text/html, application/xhtml+xml, image/avif, image/webp, image/apng, application/xml;q=0.9, */*;q=0.8, application/signed-exchange;v=b3;q=0.7] and supported [application/json]
2024-12-02 16:01:21.879 DEBUG 116940 --- [http-nio-8085-exec-4] o.s.w.s.m.m.a.RequestResponseBodyMethodProcessor : Writing [{123, 34, 111, 112, 101, 110, 97, 112, 105, 34, 58, 34, 51, 46, 48, 46, 49, 34, 44, 34, 105, 110, 10 (truncated)...]
2024-12-02 16:01:21.880 DEBUG 116941 --- [http-nio-8085-exec-4] o.s.web.servlet.DispatcherServlet : Completed 200 OK
2024-12-02 16:03:44.067 DEBUG 259128 --- [http-nio-8085-exec-9] o.s.web.servlet.DispatcherServlet : GET "/api-docs", parameters={}
2024-12-02 16:03:44.072 DEBUG 259133 --- [http-nio-8085-exec-9] o.s.w.s.m.m.a.RequestMappingHandlerMapping : Mapped to org.springdoc.webmvc.api.OpenApiWebMvcResource#openapiJson(HttpServletRequest, String, Locale)
2024-12-02 16:03:44.306 INFO  259367 --- [http-nio-8085-exec-9] o.s.api.AbstractOpenApiResource : Init duration for springdoc-openapi is: 228 ms
2024-12-02 16:03:44.310 DEBUG 259371 --- [http-nio-8085-exec-9] o.s.w.s.m.m.a.RequestResponseBodyMethodProcessor : Using 'application/json', given [*/*] and supported [application/json]
2024-12-02 16:03:44.312 DEBUG 259373 --- [http-nio-8085-exec-9] o.s.w.s.m.m.a.RequestResponseBodyMethodProcessor : Writing [{123, 34, 111, 112, 101, 110, 97, 112, 105, 34, 58, 34, 51, 46, 48, 46, 49, 34, 44, 34, 105, 110, 10 (truncated)...]
2024-12-02 16:03:44.314 DEBUG 259375 --- [http-nio-8085-exec-9] o.s.web.servlet.DispatcherServlet : Completed 200 OK
2024-12-02 16:06:00.207 DEBUG 395268 --- [http-nio-8085-exec-2] o.s.web.servlet.DispatcherServlet : GET "/api/logs/logback.log", parameters={}
2024-12-02 16:06:00.209 DEBUG 395270 --- [http-nio-8085-exec-2] o.s.w.s.m.m.a.RequestMappingHandlerMapping : Mapped to fr.dawan.training.controllers.LogController#getLogFile(String)
2024-12-02 16:06:00.217 DEBUG 395278 --- [http-nio-8085-exec-2] o.s.w.s.m.m.a.HttpEntityMethodProcessor : Found 'Content-Type:application/octet-stream' in response
2024-12-02 16:06:00.218 DEBUG 395279 --- [http-nio-8085-exec-2] o.s.w.s.m.m.a.HttpEntityMethodProcessor : Writing [Byte array resource [resource loaded from byte array]]
2024-12-02 16:06:00.221 DEBUG 395282 --- [http-nio-8085-exec-2] o.s.web.servlet.DispatcherServlet : Completed 200 OK
2024-12-02 16:06:35.480 DEBUG 430541 --- [http-nio-8085-exec-8] o.s.web.servlet.DispatcherServlet : GET "/test/m1", parameters={}
2024-12-02 16:06:35.481 DEBUG 430542 --- [http-nio-8085-exec-8] o.s.w.s.m.m.a.RequestMappingHandlerMapping : Mapped to fr.dawan.training.controllers.TestController#m1()
2024-12-02 16:06:35.482 INFO  430543 --- [http-nio-8085-exec-8] f.d.t.controllers.TestController : Info: appel de m1
2024-12-02 16:06:35.484 DEBUG 430545 --- [http-nio-8085-exec-8] o.s.w.s.m.m.a.RequestResponseBodyMethodProcessor : Using 'text/plain', given [text/plain] and supported [text/plain]
2024-12-02 16:06:35.484 DEBUG 430545 --- [http-nio-8085-exec-8] o.s.w.s.m.m.a.RequestResponseBodyMethodProcessor : Writing ["m1"]
2024-12-02 16:06:35.492 DEBUG 430553 --- [http-nio-8085-exec-8] o.s.web.servlet.DispatcherServlet : Completed 200 OK
2024-12-02 16:07:42.095 DEBUG 497156 --- [http-nio-8085-exec-4] o.s.web.servlet.DispatcherServlet : GET "/test/m1", parameters={}
2024-12-02 16:07:42.097 DEBUG 497158 --- [http-nio-8085-exec-4] o.s.w.s.m.m.a.RequestMappingHandlerMapping : Mapped to fr.dawan.training.controllers.TestController#m1()
2024-12-02 16:07:42.097 INFO  497158 --- [http-nio-8085-exec-4] f.d.t.controllers.TestController : Info: appel de m1
2024-12-02 16:07:42.098 DEBUG 497159 --- [http-nio-8085-exec-4] o.s.w.s.m.m.a.RequestResponseBodyMethodProcessor : Using 'text/plain', given [text/plain] and supported [text/plain]
2024-12-02 16:07:42.099 DEBUG 497160 --- [http-nio-8085-exec-4] o.s.w.s.m.m.a.RequestResponseBodyMethodProcessor : Writing ["m1"]
2024-12-02 16:07:42.101 DEBUG 497162 --- [http-nio-8085-exec-4] o.s.web.servlet.DispatcherServlet : Completed 200 OK
2024-12-02 16:08:26.758 INFO  541819 --- [RMI TCP Connection(17)-127.0.0.1] o.s.b.a.SpringApplicationAdminMXBeanRegistrar$SpringApplicationAdmin : Application shutdown requested.
2024-12-02 16:08:26.764 INFO  541825 --- [RMI TCP Connection(17)-127.0.0.1] o.s.b.w.e.tomcat.GracefulShutdown : Commencing graceful shutdown. Waiting for active requests to complete
2024-12-02 16:08:26.818 INFO  541879 --- [tomcat-shutdown] o.s.b.w.e.tomcat.GracefulShutdown : Graceful shutdown complete
2024-12-02 16:48:14.107 INFO  1565  --- [main] f.d.training.TrainingApplication : Starting TrainingApplication using Java 17.0.12 with PID 7468 (C:\Users\Admin\Desktop\FormationSpring\training\target\classes started by Admin in C:\Users\Admin\Desktop\FormationSpring\training)
2024-12-02 16:48:14.112 INFO  1570  --- [main] f.d.training.TrainingApplication : The following 1 profile is active: "dev"
2024-12-02 16:48:15.923 INFO  3381  --- [main] o.s.b.w.e.tomcat.TomcatWebServer : Tomcat initialized with port 8085 (http)
2024-12-02 16:48:15.951 INFO  3409  --- [main] o.a.catalina.core.StandardService : Starting service [Tomcat]
2024-12-02 16:48:15.951 INFO  3409  --- [main] o.a.catalina.core.StandardEngine : Starting Servlet engine: [Apache Tomcat/10.1.33]
2024-12-02 16:48:16.076 INFO  3534  --- [main] o.a.c.c.C.[Tomcat].[localhost].[/] : Initializing Spring embedded WebApplicationContext
2024-12-02 16:48:16.078 INFO  3536  --- [main] o.s.b.w.s.c.ServletWebServerApplicationContext : Root WebApplicationContext: initialization completed in 1891 ms
2024-12-02 16:48:16.628 DEBUG 4086  --- [main] o.s.w.s.m.m.a.RequestMappingHandlerMapping : 17 mappings in 'requestMappingHandlerMapping'
2024-12-02 16:48:16.699 DEBUG 4157  --- [main] o.s.w.s.h.SimpleUrlHandlerMapping : Patterns [/webjars/**, /**, /swagger-ui*/*swagger-initializer.js, /swagger-ui*/**] in 'resourceHandlerMapping'
2024-12-02 16:48:16.761 DEBUG 4219  --- [main] o.s.w.s.m.m.a.RequestMappingHandlerAdapter : ControllerAdvice beans: 0 @ModelAttribute, 0 @InitBinder, 1 RequestBodyAdvice, 1 ResponseBodyAdvice
2024-12-02 16:48:16.864 DEBUG 4322  --- [main] o.s.w.s.m.m.a.ExceptionHandlerExceptionResolver : ControllerAdvice beans: 2 @ExceptionHandler, 1 ResponseBodyAdvice
2024-12-02 16:48:17.110 INFO  4568  --- [main] o.s.b.w.e.tomcat.TomcatWebServer : Tomcat started on port 8085 (http) with context path '/'
2024-12-02 16:48:17.129 INFO  4587  --- [main] f.d.training.TrainingApplication : Started TrainingApplication in 3.828 seconds (process running for 5.27)
2024-12-02 16:48:32.201 INFO  19659 --- [http-nio-8085-exec-2] o.a.c.c.C.[Tomcat].[localhost].[/] : Initializing Spring DispatcherServlet 'dispatcherServlet'
2024-12-02 16:48:32.202 INFO  19660 --- [http-nio-8085-exec-2] o.s.web.servlet.DispatcherServlet : Initializing Servlet 'dispatcherServlet'
2024-12-02 16:48:32.204 DEBUG 19662 --- [http-nio-8085-exec-2] o.s.web.servlet.DispatcherServlet : Detected StandardServletMultipartResolver
2024-12-02 16:48:32.204 DEBUG 19662 --- [http-nio-8085-exec-2] o.s.web.servlet.DispatcherServlet : Detected AcceptHeaderLocaleResolver
2024-12-02 16:48:32.206 DEBUG 19664 --- [http-nio-8085-exec-2] o.s.web.servlet.DispatcherServlet : Detected FixedThemeResolver
2024-12-02 16:48:32.207 DEBUG 19665 --- [http-nio-8085-exec-2] o.s.web.servlet.DispatcherServlet : Detected org.springframework.web.servlet.view.DefaultRequestToViewNameTranslator@13e99a4e
2024-12-02 16:48:32.209 DEBUG 19667 --- [http-nio-8085-exec-2] o.s.web.servlet.DispatcherServlet : Detected org.springframework.web.servlet.support.SessionFlashMapManager@4cdfe0e6
2024-12-02 16:48:32.209 DEBUG 19667 --- [http-nio-8085-exec-2] o.s.web.servlet.DispatcherServlet : enableLoggingRequestDetails='false': request parameters and headers will be masked to prevent unsafe logging of potentially sensitive data
2024-12-02 16:48:32.211 INFO  19669 --- [http-nio-8085-exec-2] o.s.web.servlet.DispatcherServlet : Completed initialization in 5 ms
2024-12-02 16:48:32.240 DEBUG 19698 --- [http-nio-8085-exec-2] o.s.web.servlet.DispatcherServlet : POST "/api/file/upload-image/1", parameters={multipart}
2024-12-02 16:48:32.351 DEBUG 19809 --- [http-nio-8085-exec-2] o.s.w.s.m.m.a.RequestMappingHandlerMapping : Mapped to fr.dawan.training.controllers.DownloadUploadController#uploadImage(int, MultipartFile)
2024-12-02 16:48:32.434 DEBUG 19892 --- [http-nio-8085-exec-2] o.s.w.s.m.m.a.HttpEntityMethodProcessor : Using 'application/json', given [*/*] and supported [application/json]
2024-12-02 16:48:32.574 DEBUG 20032 --- [http-nio-8085-exec-2] o.s.w.s.m.m.a.HttpEntityMethodProcessor : Writing [fr.dawan.training.entities.Product@2cd53bbd]
2024-12-02 16:48:32.625 DEBUG 20083 --- [http-nio-8085-exec-2] o.s.web.servlet.DispatcherServlet : Completed 201 CREATED
2024-12-02 16:50:38.322 INFO  145780 --- [RMI TCP Connection(11)-127.0.0.1] o.s.b.a.SpringApplicationAdminMXBeanRegistrar$SpringApplicationAdmin : Application shutdown requested.
2024-12-02 16:50:38.332 INFO  145790 --- [RMI TCP Connection(11)-127.0.0.1] o.s.b.w.e.tomcat.GracefulShutdown : Commencing graceful shutdown. Waiting for active requests to complete
2024-12-02 16:50:38.399 INFO  145857 --- [tomcat-shutdown] o.s.b.w.e.tomcat.GracefulShutdown : Graceful shutdown complete
2024-12-02 17:00:57.001 INFO  1624  --- [main] f.d.training.TrainingApplication : Starting TrainingApplication using Java 17.0.12 with PID 10320 (C:\Users\Admin\Desktop\FormationSpring\training\target\classes started by Admin in C:\Users\Admin\Desktop\FormationSpring\training)
2024-12-02 17:00:57.006 INFO  1629  --- [main] f.d.training.TrainingApplication : The following 1 profile is active: "dev"
2024-12-02 17:00:59.005 INFO  3628  --- [main] o.s.b.w.e.tomcat.TomcatWebServer : Tomcat initialized with port 8085 (http)
2024-12-02 17:00:59.034 INFO  3657  --- [main] o.a.catalina.core.StandardService : Starting service [Tomcat]
2024-12-02 17:00:59.034 INFO  3657  --- [main] o.a.catalina.core.StandardEngine : Starting Servlet engine: [Apache Tomcat/10.1.33]
2024-12-02 17:00:59.168 INFO  3791  --- [main] o.a.c.c.C.[Tomcat].[localhost].[/] : Initializing Spring embedded WebApplicationContext
2024-12-02 17:00:59.169 INFO  3792  --- [main] o.s.b.w.s.c.ServletWebServerApplicationContext : Root WebApplicationContext: initialization completed in 2076 ms
2024-12-02 17:00:59.751 DEBUG 4374  --- [main] o.s.w.s.m.m.a.RequestMappingHandlerMapping : 18 mappings in 'requestMappingHandlerMapping'
2024-12-02 17:00:59.823 DEBUG 4446  --- [main] o.s.w.s.h.SimpleUrlHandlerMapping : Patterns [/webjars/**, /**, /swagger-ui*/*swagger-initializer.js, /swagger-ui*/**] in 'resourceHandlerMapping'
2024-12-02 17:00:59.895 DEBUG 4518  --- [main] o.s.w.s.m.m.a.RequestMappingHandlerAdapter : ControllerAdvice beans: 0 @ModelAttribute, 0 @InitBinder, 1 RequestBodyAdvice, 1 ResponseBodyAdvice
2024-12-02 17:00:59.998 DEBUG 4621  --- [main] o.s.w.s.m.m.a.ExceptionHandlerExceptionResolver : ControllerAdvice beans: 2 @ExceptionHandler, 1 ResponseBodyAdvice
2024-12-02 17:01:00.317 INFO  4940  --- [main] o.s.b.w.e.tomcat.TomcatWebServer : Tomcat started on port 8085 (http) with context path '/'
2024-12-02 17:01:00.342 INFO  4965  --- [main] f.d.training.TrainingApplication : Started TrainingApplication in 4.192 seconds (process running for 6.311)
2024-12-02 17:01:23.287 INFO  27910 --- [http-nio-8085-exec-2] o.a.c.c.C.[Tomcat].[localhost].[/] : Initializing Spring DispatcherServlet 'dispatcherServlet'
2024-12-02 17:01:23.288 INFO  27911 --- [http-nio-8085-exec-2] o.s.web.servlet.DispatcherServlet : Initializing Servlet 'dispatcherServlet'
2024-12-02 17:01:23.288 DEBUG 27911 --- [http-nio-8085-exec-2] o.s.web.servlet.DispatcherServlet : Detected StandardServletMultipartResolver
2024-12-02 17:01:23.289 DEBUG 27912 --- [http-nio-8085-exec-2] o.s.web.servlet.DispatcherServlet : Detected AcceptHeaderLocaleResolver
2024-12-02 17:01:23.289 DEBUG 27912 --- [http-nio-8085-exec-2] o.s.web.servlet.DispatcherServlet : Detected FixedThemeResolver
2024-12-02 17:01:23.292 DEBUG 27915 --- [http-nio-8085-exec-2] o.s.web.servlet.DispatcherServlet : Detected org.springframework.web.servlet.view.DefaultRequestToViewNameTranslator@28e1803b
2024-12-02 17:01:23.296 DEBUG 27919 --- [http-nio-8085-exec-2] o.s.web.servlet.DispatcherServlet : Detected org.springframework.web.servlet.support.SessionFlashMapManager@d9103ce
2024-12-02 17:01:23.299 DEBUG 27922 --- [http-nio-8085-exec-2] o.s.web.servlet.DispatcherServlet : enableLoggingRequestDetails='false': request parameters and headers will be masked to prevent unsafe logging of potentially sensitive data
2024-12-02 17:01:23.300 INFO  27923 --- [http-nio-8085-exec-2] o.s.web.servlet.DispatcherServlet : Completed initialization in 12 ms
2024-12-02 17:01:23.321 DEBUG 27944 --- [http-nio-8085-exec-2] o.s.web.servlet.DispatcherServlet : GET "/api/file/image/1", parameters={}
2024-12-02 17:01:23.353 DEBUG 27976 --- [http-nio-8085-exec-2] o.s.w.s.m.m.a.RequestMappingHandlerMapping : Mapped to fr.dawan.training.controllers.DownloadUploadController#getProductImage(int)
2024-12-02 17:01:23.432 DEBUG 28055 --- [http-nio-8085-exec-2] o.s.w.s.m.m.a.HttpEntityMethodProcessor : Found 'Content-Type:image/jpeg' in response
2024-12-02 17:01:23.435 DEBUG 28058 --- [http-nio-8085-exec-2] o.s.w.s.m.m.a.HttpEntityMethodProcessor : Writing [URL [file:///c:/tempBidon/1-dell.jpg]]
2024-12-02 17:01:23.459 DEBUG 28082 --- [http-nio-8085-exec-2] o.s.web.servlet.DispatcherServlet : Completed 200 OK
2024-12-02 17:01:37.027 DEBUG 41650 --- [http-nio-8085-exec-3] o.s.web.servlet.DispatcherServlet : GET "/api/file/image/1", parameters={}
2024-12-02 17:01:37.030 DEBUG 41653 --- [http-nio-8085-exec-3] o.s.w.s.m.m.a.RequestMappingHandlerMapping : Mapped to fr.dawan.training.controllers.DownloadUploadController#getProductImage(int)
2024-12-02 17:01:37.034 DEBUG 41657 --- [http-nio-8085-exec-3] o.s.w.s.m.m.a.HttpEntityMethodProcessor : Found 'Content-Type:image/jpeg' in response
2024-12-02 17:01:37.034 DEBUG 41657 --- [http-nio-8085-exec-3] o.s.w.s.m.m.a.HttpEntityMethodProcessor : Writing [URL [file:///c:/tempBidon/1-dell.jpg]]
2024-12-02 17:01:37.039 DEBUG 41662 --- [http-nio-8085-exec-3] o.s.web.servlet.DispatcherServlet : Completed 200 OK
2024-12-02 17:14:14.936 INFO  799559 --- [RMI TCP Connection(22)-127.0.0.1] o.s.b.a.SpringApplicationAdminMXBeanRegistrar$SpringApplicationAdmin : Application shutdown requested.
2024-12-02 17:14:14.944 INFO  799567 --- [RMI TCP Connection(22)-127.0.0.1] o.s.b.w.e.tomcat.GracefulShutdown : Commencing graceful shutdown. Waiting for active requests to complete
2024-12-02 17:14:14.984 INFO  799607 --- [tomcat-shutdown] o.s.b.w.e.tomcat.GracefulShutdown : Graceful shutdown complete
